<?xml version="1.0" encoding="UTF-8"?>
<!-- Generated by org.testng.reporters.JUnitXMLReporter -->
<testsuite ignored="0" hostname="LAPTOP-8LV2OBVU" failures="0" tests="12" name="FunctionalTesting" time="70.017" errors="0" timestamp="2024-07-31T17:37:34 IST">
  <testcase classname="testcases.TC001_ValidLoginTest" name="validLogintest" time="1.669"/>
  <testcase classname="testcases.TC002_InvalidLoginTest" name="invalidLoginTest" time="1.749"/>
  <testcase classname="testcases.TC002_InvalidLoginTest" name="invalidLoginTest" time="1.645"/>
  <testcase classname="testcases.TC002_InvalidLoginTest" name="invalidLoginTest" time="1.646"/>
  <testcase classname="testcases.TC002_InvalidLoginTest" name="invalidLoginTest" time="1.557"/>
  <testcase classname="testcases.TC003_ValidateBookAppointmentTest" name="ValidateBookAppointmentTest" time="2.865"/>
  <testcase classname="testcases.TC003_ValidateBookAppointmentTest" name="ValidateBookAppointmentTest" time="2.869"/>
  <testcase classname="testcases.TC003_ValidateBookAppointmentTest" name="ValidateBookAppointmentTest" time="2.33"/>
  <testcase classname="testcases.TC004_InvalidBookAppointmentTest" name="invalidBookAppointmentTest" time="1.612"/>
  <testcase classname="testcases.TC005_ValidAppoinmentHistoryTest" name="validAppoinmentHistoryTest" time="2.99"/>
  <testcase classname="testcases.TC006_ValidateHistoryWithoutBooking" name="validateHistoryWithoutBooking" time="2.088"/>
  <testcase classname="testcases.TC007_LogoutTest" name="logoutTest" time="2.184"/>
</testsuite> <!-- FunctionalTesting -->
