<?xml version="1.0" encoding="UTF-8"?>
<testng-results ignored="0" total="12" passed="12" failed="0" skipped="0">
  <reporter-output>
  </reporter-output>
  <suite started-at="2024-07-31T17:36:24 IST" name="Suite" finished-at="2024-07-31T17:37:34 IST" duration-ms="70017">
    <groups>
    </groups>
    <test started-at="2024-07-31T17:36:24 IST" name="FunctionalTesting" finished-at="2024-07-31T17:37:34 IST" duration-ms="70017">
      <class name="testcases.TC003_ValidateBookAppointmentTest">
        <test-method is-config="true" signature="setup()[pri:0, instance:testcases.TC003_ValidateBookAppointmentTest@c667f46]" started-at="2024-07-31T17:36:24 IST" name="setup" finished-at="2024-07-31T17:36:24 IST" duration-ms="0" status="PASS">
          <reporter-output>
          </reporter-output>
        </test-method> <!-- setup -->
        <test-method is-config="true" signature="browserLaunch(java.lang.String,java.lang.String)[pri:0, instance:testcases.TC003_ValidateBookAppointmentTest@c667f46]" started-at="2024-07-31T17:36:52 IST" name="browserLaunch" finished-at="2024-07-31T17:36:55 IST" duration-ms="3455" status="PASS">
          <params>
            <param index="0">
              <value>
                <![CDATA[chrome]]>
              </value>
            </param>
            <param index="1">
              <value>
                <![CDATA[https://katalon-demo-cura.herokuapp.com/]]>
              </value>
            </param>
          </params>
          <reporter-output>
          </reporter-output>
        </test-method> <!-- browserLaunch -->
        <test-method signature="ValidateBookAppointmentTest(java.lang.String,java.lang.String,java.lang.String,java.lang.String,java.lang.String,java.lang.String,java.lang.String,java.lang.String)[pri:3, instance:testcases.TC003_ValidateBookAppointmentTest@c667f46]" started-at="2024-07-31T17:36:55 IST" name="ValidateBookAppointmentTest" data-provider="getData" finished-at="2024-07-31T17:36:58 IST" duration-ms="2865" status="PASS">
          <params>
            <param index="0">
              <value>
                <![CDATA[John Doe]]>
              </value>
            </param>
            <param index="1">
              <value>
                <![CDATA[ThisIsNotAPassword]]>
              </value>
            </param>
            <param index="2">
              <value>
                <![CDATA[positive]]>
              </value>
            </param>
            <param index="3">
              <value>
                <![CDATA[Tokyo CURA Healthcare Center]]>
              </value>
            </param>
            <param index="4">
              <value>
                <![CDATA[Medicare]]>
              </value>
            </param>
            <param index="5">
              <value>
                <![CDATA[August 2024]]>
              </value>
            </param>
            <param index="6">
              <value>
                <![CDATA[1]]>
              </value>
            </param>
            <param index="7">
              <value>
                <![CDATA[General checkup]]>
              </value>
            </param>
          </params>
          <reporter-output>
          </reporter-output>
        </test-method> <!-- ValidateBookAppointmentTest -->
        <test-method is-config="true" signature="tearDown()[pri:0, instance:testcases.TC003_ValidateBookAppointmentTest@c667f46]" started-at="2024-07-31T17:36:58 IST" name="tearDown" finished-at="2024-07-31T17:36:58 IST" duration-ms="99" status="PASS">
          <reporter-output>
          </reporter-output>
        </test-method> <!-- tearDown -->
        <test-method is-config="true" signature="browserLaunch(java.lang.String,java.lang.String)[pri:0, instance:testcases.TC003_ValidateBookAppointmentTest@c667f46]" started-at="2024-07-31T17:36:58 IST" name="browserLaunch" finished-at="2024-07-31T17:37:02 IST" duration-ms="3546" status="PASS">
          <params>
            <param index="0">
              <value>
                <![CDATA[chrome]]>
              </value>
            </param>
            <param index="1">
              <value>
                <![CDATA[https://katalon-demo-cura.herokuapp.com/]]>
              </value>
            </param>
          </params>
          <reporter-output>
          </reporter-output>
        </test-method> <!-- browserLaunch -->
        <test-method signature="ValidateBookAppointmentTest(java.lang.String,java.lang.String,java.lang.String,java.lang.String,java.lang.String,java.lang.String,java.lang.String,java.lang.String)[pri:3, instance:testcases.TC003_ValidateBookAppointmentTest@c667f46]" started-at="2024-07-31T17:37:02 IST" name="ValidateBookAppointmentTest" data-provider="getData" finished-at="2024-07-31T17:37:05 IST" duration-ms="2869" status="PASS">
          <params>
            <param index="0">
              <value>
                <![CDATA[John Doe]]>
              </value>
            </param>
            <param index="1">
              <value>
                <![CDATA[ThisIsNotAPassword]]>
              </value>
            </param>
            <param index="2">
              <value>
                <![CDATA[positive]]>
              </value>
            </param>
            <param index="3">
              <value>
                <![CDATA[Hongkong CURA Healthcare Center]]>
              </value>
            </param>
            <param index="4">
              <value>
                <![CDATA[Medicaid]]>
              </value>
            </param>
            <param index="5">
              <value>
                <![CDATA[August 2024]]>
              </value>
            </param>
            <param index="6">
              <value>
                <![CDATA[2]]>
              </value>
            </param>
            <param index="7">
              <value>
                <![CDATA[Health checkup]]>
              </value>
            </param>
          </params>
          <reporter-output>
          </reporter-output>
        </test-method> <!-- ValidateBookAppointmentTest -->
        <test-method is-config="true" signature="tearDown()[pri:0, instance:testcases.TC003_ValidateBookAppointmentTest@c667f46]" started-at="2024-07-31T17:37:05 IST" name="tearDown" finished-at="2024-07-31T17:37:05 IST" duration-ms="152" status="PASS">
          <reporter-output>
          </reporter-output>
        </test-method> <!-- tearDown -->
        <test-method is-config="true" signature="browserLaunch(java.lang.String,java.lang.String)[pri:0, instance:testcases.TC003_ValidateBookAppointmentTest@c667f46]" started-at="2024-07-31T17:37:05 IST" name="browserLaunch" finished-at="2024-07-31T17:37:08 IST" duration-ms="3409" status="PASS">
          <params>
            <param index="0">
              <value>
                <![CDATA[chrome]]>
              </value>
            </param>
            <param index="1">
              <value>
                <![CDATA[https://katalon-demo-cura.herokuapp.com/]]>
              </value>
            </param>
          </params>
          <reporter-output>
          </reporter-output>
        </test-method> <!-- browserLaunch -->
        <test-method signature="ValidateBookAppointmentTest(java.lang.String,java.lang.String,java.lang.String,java.lang.String,java.lang.String,java.lang.String,java.lang.String,java.lang.String)[pri:3, instance:testcases.TC003_ValidateBookAppointmentTest@c667f46]" started-at="2024-07-31T17:37:08 IST" name="ValidateBookAppointmentTest" data-provider="getData" finished-at="2024-07-31T17:37:11 IST" duration-ms="2330" status="PASS">
          <params>
            <param index="0">
              <value>
                <![CDATA[John Doe]]>
              </value>
            </param>
            <param index="1">
              <value>
                <![CDATA[ThisIsNotAPassword]]>
              </value>
            </param>
            <param index="2">
              <value>
                <![CDATA[positive]]>
              </value>
            </param>
            <param index="3">
              <value>
                <![CDATA[Seoul CURA Healthcare Center]]>
              </value>
            </param>
            <param index="4">
              <value>
                <![CDATA[None]]>
              </value>
            </param>
            <param index="5">
              <value>
                <![CDATA[August 2024]]>
              </value>
            </param>
            <param index="6">
              <value>
                <![CDATA[3]]>
              </value>
            </param>
            <param index="7">
              <value>
                <![CDATA[General checkup]]>
              </value>
            </param>
          </params>
          <reporter-output>
          </reporter-output>
        </test-method> <!-- ValidateBookAppointmentTest -->
        <test-method is-config="true" signature="tearDown()[pri:0, instance:testcases.TC003_ValidateBookAppointmentTest@c667f46]" started-at="2024-07-31T17:37:11 IST" name="tearDown" finished-at="2024-07-31T17:37:11 IST" duration-ms="149" status="PASS">
          <reporter-output>
          </reporter-output>
        </test-method> <!-- tearDown -->
      </class> <!-- testcases.TC003_ValidateBookAppointmentTest -->
      <class name="testcases.TC001_ValidLoginTest">
        <test-method is-config="true" signature="setup()[pri:0, instance:testcases.TC001_ValidLoginTest@51bf5add]" started-at="2024-07-31T17:36:24 IST" name="setup" finished-at="2024-07-31T17:36:24 IST" duration-ms="10" status="PASS">
          <reporter-output>
          </reporter-output>
        </test-method> <!-- setup -->
        <test-method is-config="true" signature="browserLaunch(java.lang.String,java.lang.String)[pri:0, instance:testcases.TC001_ValidLoginTest@51bf5add]" started-at="2024-07-31T17:36:25 IST" name="browserLaunch" finished-at="2024-07-31T17:36:29 IST" duration-ms="3870" status="PASS">
          <params>
            <param index="0">
              <value>
                <![CDATA[chrome]]>
              </value>
            </param>
            <param index="1">
              <value>
                <![CDATA[https://katalon-demo-cura.herokuapp.com/]]>
              </value>
            </param>
          </params>
          <reporter-output>
          </reporter-output>
        </test-method> <!-- browserLaunch -->
        <test-method signature="validLogintest(java.lang.String,java.lang.String,java.lang.String)[pri:1, instance:testcases.TC001_ValidLoginTest@51bf5add]" started-at="2024-07-31T17:36:29 IST" name="validLogintest" data-provider="getData" finished-at="2024-07-31T17:36:31 IST" duration-ms="1669" status="PASS">
          <params>
            <param index="0">
              <value>
                <![CDATA[John Doe]]>
              </value>
            </param>
            <param index="1">
              <value>
                <![CDATA[ThisIsNotAPassword]]>
              </value>
            </param>
            <param index="2">
              <value>
                <![CDATA[positive]]>
              </value>
            </param>
          </params>
          <reporter-output>
          </reporter-output>
        </test-method> <!-- validLogintest -->
        <test-method is-config="true" signature="tearDown()[pri:0, instance:testcases.TC001_ValidLoginTest@51bf5add]" started-at="2024-07-31T17:36:31 IST" name="tearDown" finished-at="2024-07-31T17:36:31 IST" duration-ms="178" status="PASS">
          <reporter-output>
          </reporter-output>
        </test-method> <!-- tearDown -->
      </class> <!-- testcases.TC001_ValidLoginTest -->
      <class name="testcases.TC005_ValidAppoinmentHistoryTest">
        <test-method is-config="true" signature="setup()[pri:0, instance:testcases.TC005_ValidAppoinmentHistoryTest@7b50df34]" started-at="2024-07-31T17:36:24 IST" name="setup" finished-at="2024-07-31T17:36:24 IST" duration-ms="0" status="PASS">
          <reporter-output>
          </reporter-output>
        </test-method> <!-- setup -->
        <test-method is-config="true" signature="browserLaunch(java.lang.String,java.lang.String)[pri:0, instance:testcases.TC005_ValidAppoinmentHistoryTest@7b50df34]" started-at="2024-07-31T17:37:16 IST" name="browserLaunch" finished-at="2024-07-31T17:37:19 IST" duration-ms="3327" status="PASS">
          <params>
            <param index="0">
              <value>
                <![CDATA[chrome]]>
              </value>
            </param>
            <param index="1">
              <value>
                <![CDATA[https://katalon-demo-cura.herokuapp.com/]]>
              </value>
            </param>
          </params>
          <reporter-output>
          </reporter-output>
        </test-method> <!-- browserLaunch -->
        <test-method signature="validAppoinmentHistoryTest(java.lang.String,java.lang.String,java.lang.String,java.lang.String,java.lang.String,java.lang.String,java.lang.String,java.lang.String,java.lang.String)[pri:5, instance:testcases.TC005_ValidAppoinmentHistoryTest@7b50df34]" started-at="2024-07-31T17:37:19 IST" name="validAppoinmentHistoryTest" data-provider="getData" finished-at="2024-07-31T17:37:22 IST" duration-ms="2990" status="PASS">
          <params>
            <param index="0">
              <value>
                <![CDATA[John Doe]]>
              </value>
            </param>
            <param index="1">
              <value>
                <![CDATA[ThisIsNotAPassword]]>
              </value>
            </param>
            <param index="2">
              <value>
                <![CDATA[positive]]>
              </value>
            </param>
            <param index="3">
              <value>
                <![CDATA[Tokyo CURA Healthcare Center]]>
              </value>
            </param>
            <param index="4">
              <value>
                <![CDATA[Medicare]]>
              </value>
            </param>
            <param index="5">
              <value>
                <![CDATA[August 2024]]>
              </value>
            </param>
            <param index="6">
              <value>
                <![CDATA[1]]>
              </value>
            </param>
            <param index="7">
              <value>
                <![CDATA[General checkup]]>
              </value>
            </param>
            <param index="8">
              <value>
                <![CDATA[Tokyo CURA Healthcare Center]]>
              </value>
            </param>
          </params>
          <reporter-output>
          </reporter-output>
        </test-method> <!-- validAppoinmentHistoryTest -->
        <test-method is-config="true" signature="tearDown()[pri:0, instance:testcases.TC005_ValidAppoinmentHistoryTest@7b50df34]" started-at="2024-07-31T17:37:22 IST" name="tearDown" finished-at="2024-07-31T17:37:22 IST" duration-ms="90" status="PASS">
          <reporter-output>
          </reporter-output>
        </test-method> <!-- tearDown -->
      </class> <!-- testcases.TC005_ValidAppoinmentHistoryTest -->
      <class name="testcases.TC002_InvalidLoginTest">
        <test-method is-config="true" signature="setup()[pri:0, instance:testcases.TC002_InvalidLoginTest@6ca18a14]" started-at="2024-07-31T17:36:24 IST" name="setup" finished-at="2024-07-31T17:36:24 IST" duration-ms="1" status="PASS">
          <reporter-output>
          </reporter-output>
        </test-method> <!-- setup -->
        <test-method is-config="true" signature="browserLaunch(java.lang.String,java.lang.String)[pri:0, instance:testcases.TC002_InvalidLoginTest@6ca18a14]" started-at="2024-07-31T17:36:31 IST" name="browserLaunch" finished-at="2024-07-31T17:36:34 IST" duration-ms="3561" status="PASS">
          <params>
            <param index="0">
              <value>
                <![CDATA[chrome]]>
              </value>
            </param>
            <param index="1">
              <value>
                <![CDATA[https://katalon-demo-cura.herokuapp.com/]]>
              </value>
            </param>
          </params>
          <reporter-output>
          </reporter-output>
        </test-method> <!-- browserLaunch -->
        <test-method signature="invalidLoginTest(java.lang.String,java.lang.String,java.lang.String)[pri:2, instance:testcases.TC002_InvalidLoginTest@6ca18a14]" started-at="2024-07-31T17:36:34 IST" name="invalidLoginTest" data-provider="getData" finished-at="2024-07-31T17:36:36 IST" duration-ms="1749" status="PASS">
          <params>
            <param index="0">
              <value>
                <![CDATA[john david]]>
              </value>
            </param>
            <param index="1">
              <value>
                <![CDATA[abnvj123]]>
              </value>
            </param>
            <param index="2">
              <value>
                <![CDATA[negative]]>
              </value>
            </param>
          </params>
          <reporter-output>
          </reporter-output>
        </test-method> <!-- invalidLoginTest -->
        <test-method is-config="true" signature="tearDown()[pri:0, instance:testcases.TC002_InvalidLoginTest@6ca18a14]" started-at="2024-07-31T17:36:36 IST" name="tearDown" finished-at="2024-07-31T17:36:36 IST" duration-ms="133" status="PASS">
          <reporter-output>
          </reporter-output>
        </test-method> <!-- tearDown -->
        <test-method is-config="true" signature="browserLaunch(java.lang.String,java.lang.String)[pri:0, instance:testcases.TC002_InvalidLoginTest@6ca18a14]" started-at="2024-07-31T17:36:36 IST" name="browserLaunch" finished-at="2024-07-31T17:36:40 IST" duration-ms="3480" status="PASS">
          <params>
            <param index="0">
              <value>
                <![CDATA[chrome]]>
              </value>
            </param>
            <param index="1">
              <value>
                <![CDATA[https://katalon-demo-cura.herokuapp.com/]]>
              </value>
            </param>
          </params>
          <reporter-output>
          </reporter-output>
        </test-method> <!-- browserLaunch -->
        <test-method signature="invalidLoginTest(java.lang.String,java.lang.String,java.lang.String)[pri:2, instance:testcases.TC002_InvalidLoginTest@6ca18a14]" started-at="2024-07-31T17:36:40 IST" name="invalidLoginTest" data-provider="getData" finished-at="2024-07-31T17:36:41 IST" duration-ms="1645" status="PASS">
          <params>
            <param index="0">
              <value>
                <![CDATA[peter paul]]>
              </value>
            </param>
            <param index="1">
              <value>
                <![CDATA[peterpaul123]]>
              </value>
            </param>
            <param index="2">
              <value>
                <![CDATA[negative]]>
              </value>
            </param>
          </params>
          <reporter-output>
          </reporter-output>
        </test-method> <!-- invalidLoginTest -->
        <test-method is-config="true" signature="tearDown()[pri:0, instance:testcases.TC002_InvalidLoginTest@6ca18a14]" started-at="2024-07-31T17:36:41 IST" name="tearDown" finished-at="2024-07-31T17:36:42 IST" duration-ms="174" status="PASS">
          <reporter-output>
          </reporter-output>
        </test-method> <!-- tearDown -->
        <test-method is-config="true" signature="browserLaunch(java.lang.String,java.lang.String)[pri:0, instance:testcases.TC002_InvalidLoginTest@6ca18a14]" started-at="2024-07-31T17:36:42 IST" name="browserLaunch" finished-at="2024-07-31T17:36:45 IST" duration-ms="3339" status="PASS">
          <params>
            <param index="0">
              <value>
                <![CDATA[chrome]]>
              </value>
            </param>
            <param index="1">
              <value>
                <![CDATA[https://katalon-demo-cura.herokuapp.com/]]>
              </value>
            </param>
          </params>
          <reporter-output>
          </reporter-output>
        </test-method> <!-- browserLaunch -->
        <test-method signature="invalidLoginTest(java.lang.String,java.lang.String,java.lang.String)[pri:2, instance:testcases.TC002_InvalidLoginTest@6ca18a14]" started-at="2024-07-31T17:36:45 IST" name="invalidLoginTest" data-provider="getData" finished-at="2024-07-31T17:36:47 IST" duration-ms="1646" status="PASS">
          <params>
            <param index="0">
              <value>
                <![CDATA[jane doe]]>
              </value>
            </param>
            <param index="1">
              <value>
                <![CDATA[xyzabcuvw]]>
              </value>
            </param>
            <param index="2">
              <value>
                <![CDATA[negative]]>
              </value>
            </param>
          </params>
          <reporter-output>
          </reporter-output>
        </test-method> <!-- invalidLoginTest -->
        <test-method is-config="true" signature="tearDown()[pri:0, instance:testcases.TC002_InvalidLoginTest@6ca18a14]" started-at="2024-07-31T17:36:47 IST" name="tearDown" finished-at="2024-07-31T17:36:47 IST" duration-ms="147" status="PASS">
          <reporter-output>
          </reporter-output>
        </test-method> <!-- tearDown -->
        <test-method is-config="true" signature="browserLaunch(java.lang.String,java.lang.String)[pri:0, instance:testcases.TC002_InvalidLoginTest@6ca18a14]" started-at="2024-07-31T17:36:47 IST" name="browserLaunch" finished-at="2024-07-31T17:36:50 IST" duration-ms="3336" status="PASS">
          <params>
            <param index="0">
              <value>
                <![CDATA[chrome]]>
              </value>
            </param>
            <param index="1">
              <value>
                <![CDATA[https://katalon-demo-cura.herokuapp.com/]]>
              </value>
            </param>
          </params>
          <reporter-output>
          </reporter-output>
        </test-method> <!-- browserLaunch -->
        <test-method signature="invalidLoginTest(java.lang.String,java.lang.String,java.lang.String)[pri:2, instance:testcases.TC002_InvalidLoginTest@6ca18a14]" started-at="2024-07-31T17:36:50 IST" name="invalidLoginTest" data-provider="getData" finished-at="2024-07-31T17:36:52 IST" duration-ms="1557" status="PASS">
          <params>
            <param index="0">
              <value>
                <![CDATA[alexandra]]>
              </value>
            </param>
            <param index="1">
              <value>
                <![CDATA[alex@star]]>
              </value>
            </param>
            <param index="2">
              <value>
                <![CDATA[negative]]>
              </value>
            </param>
          </params>
          <reporter-output>
          </reporter-output>
        </test-method> <!-- invalidLoginTest -->
        <test-method is-config="true" signature="tearDown()[pri:0, instance:testcases.TC002_InvalidLoginTest@6ca18a14]" started-at="2024-07-31T17:36:52 IST" name="tearDown" finished-at="2024-07-31T17:36:52 IST" duration-ms="88" status="PASS">
          <reporter-output>
          </reporter-output>
        </test-method> <!-- tearDown -->
      </class> <!-- testcases.TC002_InvalidLoginTest -->
      <class name="testcases.TC007_LogoutTest">
        <test-method is-config="true" signature="setup()[pri:0, instance:testcases.TC007_LogoutTest@2462cb01]" started-at="2024-07-31T17:36:24 IST" name="setup" finished-at="2024-07-31T17:36:24 IST" duration-ms="0" status="PASS">
          <reporter-output>
          </reporter-output>
        </test-method> <!-- setup -->
        <test-method is-config="true" signature="browserLaunch(java.lang.String,java.lang.String)[pri:0, instance:testcases.TC007_LogoutTest@2462cb01]" started-at="2024-07-31T17:37:28 IST" name="browserLaunch" finished-at="2024-07-31T17:37:32 IST" duration-ms="3363" status="PASS">
          <params>
            <param index="0">
              <value>
                <![CDATA[chrome]]>
              </value>
            </param>
            <param index="1">
              <value>
                <![CDATA[https://katalon-demo-cura.herokuapp.com/]]>
              </value>
            </param>
          </params>
          <reporter-output>
          </reporter-output>
        </test-method> <!-- browserLaunch -->
        <test-method signature="logoutTest(java.lang.String,java.lang.String,java.lang.String)[pri:7, instance:testcases.TC007_LogoutTest@2462cb01]" started-at="2024-07-31T17:37:32 IST" name="logoutTest" data-provider="getData" finished-at="2024-07-31T17:37:34 IST" duration-ms="2184" status="PASS">
          <params>
            <param index="0">
              <value>
                <![CDATA[John Doe]]>
              </value>
            </param>
            <param index="1">
              <value>
                <![CDATA[ThisIsNotAPassword]]>
              </value>
            </param>
            <param index="2">
              <value>
                <![CDATA[positive]]>
              </value>
            </param>
          </params>
          <reporter-output>
          </reporter-output>
        </test-method> <!-- logoutTest -->
        <test-method is-config="true" signature="tearDown()[pri:0, instance:testcases.TC007_LogoutTest@2462cb01]" started-at="2024-07-31T17:37:34 IST" name="tearDown" finished-at="2024-07-31T17:37:34 IST" duration-ms="159" status="PASS">
          <reporter-output>
          </reporter-output>
        </test-method> <!-- tearDown -->
      </class> <!-- testcases.TC007_LogoutTest -->
      <class name="testcases.TC006_ValidateHistoryWithoutBooking">
        <test-method is-config="true" signature="setup()[pri:0, instance:testcases.TC006_ValidateHistoryWithoutBooking@1b410b60]" started-at="2024-07-31T17:36:24 IST" name="setup" finished-at="2024-07-31T17:36:24 IST" duration-ms="2" status="PASS">
          <reporter-output>
          </reporter-output>
        </test-method> <!-- setup -->
        <test-method is-config="true" signature="browserLaunch(java.lang.String,java.lang.String)[pri:0, instance:testcases.TC006_ValidateHistoryWithoutBooking@1b410b60]" started-at="2024-07-31T17:37:22 IST" name="browserLaunch" finished-at="2024-07-31T17:37:26 IST" duration-ms="3543" status="PASS">
          <params>
            <param index="0">
              <value>
                <![CDATA[chrome]]>
              </value>
            </param>
            <param index="1">
              <value>
                <![CDATA[https://katalon-demo-cura.herokuapp.com/]]>
              </value>
            </param>
          </params>
          <reporter-output>
          </reporter-output>
        </test-method> <!-- browserLaunch -->
        <test-method signature="validateHistoryWithoutBooking(java.lang.String,java.lang.String,java.lang.String)[pri:6, instance:testcases.TC006_ValidateHistoryWithoutBooking@1b410b60]" started-at="2024-07-31T17:37:26 IST" name="validateHistoryWithoutBooking" data-provider="getData" finished-at="2024-07-31T17:37:28 IST" duration-ms="2088" status="PASS">
          <params>
            <param index="0">
              <value>
                <![CDATA[John Doe]]>
              </value>
            </param>
            <param index="1">
              <value>
                <![CDATA[ThisIsNotAPassword]]>
              </value>
            </param>
            <param index="2">
              <value>
                <![CDATA[positive]]>
              </value>
            </param>
          </params>
          <reporter-output>
          </reporter-output>
        </test-method> <!-- validateHistoryWithoutBooking -->
        <test-method is-config="true" signature="tearDown()[pri:0, instance:testcases.TC006_ValidateHistoryWithoutBooking@1b410b60]" started-at="2024-07-31T17:37:28 IST" name="tearDown" finished-at="2024-07-31T17:37:28 IST" duration-ms="144" status="PASS">
          <reporter-output>
          </reporter-output>
        </test-method> <!-- tearDown -->
      </class> <!-- testcases.TC006_ValidateHistoryWithoutBooking -->
      <class name="testcases.TC004_InvalidBookAppointmentTest">
        <test-method is-config="true" signature="setup()[pri:0, instance:testcases.TC004_InvalidBookAppointmentTest@51bd8b5c]" started-at="2024-07-31T17:36:24 IST" name="setup" finished-at="2024-07-31T17:36:24 IST" duration-ms="0" status="PASS">
          <reporter-output>
          </reporter-output>
        </test-method> <!-- setup -->
        <test-method is-config="true" signature="browserLaunch(java.lang.String,java.lang.String)[pri:0, instance:testcases.TC004_InvalidBookAppointmentTest@51bd8b5c]" started-at="2024-07-31T17:37:11 IST" name="browserLaunch" finished-at="2024-07-31T17:37:14 IST" duration-ms="3313" status="PASS">
          <params>
            <param index="0">
              <value>
                <![CDATA[chrome]]>
              </value>
            </param>
            <param index="1">
              <value>
                <![CDATA[https://katalon-demo-cura.herokuapp.com/]]>
              </value>
            </param>
          </params>
          <reporter-output>
          </reporter-output>
        </test-method> <!-- browserLaunch -->
        <test-method signature="invalidBookAppointmentTest(java.lang.String,java.lang.String,java.lang.String)[pri:4, instance:testcases.TC004_InvalidBookAppointmentTest@51bd8b5c]" started-at="2024-07-31T17:37:14 IST" name="invalidBookAppointmentTest" data-provider="getData" finished-at="2024-07-31T17:37:16 IST" duration-ms="1612" status="PASS">
          <params>
            <param index="0">
              <value>
                <![CDATA[John Doe]]>
              </value>
            </param>
            <param index="1">
              <value>
                <![CDATA[ThisIsNotAPassword]]>
              </value>
            </param>
            <param index="2">
              <value>
                <![CDATA[positive]]>
              </value>
            </param>
          </params>
          <reporter-output>
          </reporter-output>
        </test-method> <!-- invalidBookAppointmentTest -->
        <test-method is-config="true" signature="tearDown()[pri:0, instance:testcases.TC004_InvalidBookAppointmentTest@51bd8b5c]" started-at="2024-07-31T17:37:16 IST" name="tearDown" finished-at="2024-07-31T17:37:16 IST" duration-ms="166" status="PASS">
          <reporter-output>
          </reporter-output>
        </test-method> <!-- tearDown -->
      </class> <!-- testcases.TC004_InvalidBookAppointmentTest -->
    </test> <!-- FunctionalTesting -->
  </suite> <!-- Suite -->
</testng-results>
